<?xml version="1.0" encoding="UTF-8"?>
<testng-results skipped="0" failed="0" ignored="0" total="1" passed="1">
  <reporter-output>
  </reporter-output>
  <suite name="Default suite" duration-ms="2543" started-at="2022-06-05T06:50:59 UTC" finished-at="2022-06-05T06:51:01 UTC">
    <groups>
    </groups>
    <test name="Default test" duration-ms="2543" started-at="2022-06-05T06:50:59 UTC" finished-at="2022-06-05T06:51:01 UTC">
      <class name="apichaining.End2EndTest">
        <test-method status="PASS" signature="test1()[pri:0, instance:apichaining.End2EndTest@3e57cd70]" name="test1" duration-ms="2493" started-at="2022-06-05T06:50:59 UTC" finished-at="2022-06-05T06:51:01 UTC">
          <reporter-output>
          </reporter-output>
        </test-method> <!-- test1 -->
      </class> <!-- apichaining.End2EndTest -->
    </test> <!-- Default test -->
  </suite> <!-- Default suite -->
</testng-results>
